<?xml version="1.0" encoding="UTF-8"?>
<testsuites name="TL_CURA_TestSuite_001" time="824.711" tests="1" failures="0" errors="0">
   <testsuite name="TL_CURA_TestSuite_001" tests="1" failures="0" errors="0" time="824.711" skipped="0" timestamp="27-01-2024T19:33:48" hostname="sainadh - 192.168.1.2" id="Test Suites/CURA TestSuite/TL_CURA_TestSuite_001">
      <properties>
         <property name="deviceName" value=""/>
         <property name="devicePlatform" value=""/>
         <property name="logFolder" value="C:\\Users\\sainadh\\git\\Katalongithub_Automation_testing_CHS_001\\Reports\\20240127_193344\\CURA TestSuite\\TL_CURA_TestSuite_001\\20240127_193344"/>
         <property name="logFiles" value="C:\\Users\\sainadh\\git\\Katalongithub_Automation_testing_CHS_001\\Reports\\20240127_193344\\CURA TestSuite\\TL_CURA_TestSuite_001\\20240127_193344\\execution0.log"/>
         <property name="attachments" value="C:\\Users\\sainadh\\git\\Katalongithub_Automation_testing_CHS_001\\Reports\\20240127_193344\\CURA TestSuite\\TL_CURA_TestSuite_001\\20240127_193344\\1706365053152.png"/>
         <property name="hostName" value="sainadh - 192.168.1.2"/>
         <property name="os" value="Windows 11 64bit"/>
         <property name="katalonVersion" value="9.2.0.212"/>
         <property name="browser" value="Chrome 120.0.0.0"/>
         <property name="hostAddress" value="192.168.1.2"/>
         <property name="sessionId" value="22abd679b6d7a0f4716b9142d55adfe9"/>
         <property name="seleniumVersion" value="3.141.59"/>
         <property name="proxyInformation" value="ProxyInformation { proxyOption=NO_PROXY, proxyServerType=HTTP, username=, password=********, proxyServerAddress=, proxyServerPort=0, executionList=&quot;&quot;, isApplyToDesiredCapabilities=true }"/>
         <property name="platform" value="Windows 11"/>
      </properties>
      <testcase name="Test Cases/Test Listener-1/TC_AppointmentConfirmation_001" time="787.638" classname="Test Cases/Test Listener-1/TC_AppointmentConfirmation_001" status="PASSED">
         <system-out><![CDATA[27-01-2024T19:34:25 - [TEST_CASE][PASSED] - Test Cases/Test Listener-1/TC_AppointmentConfirmation_001: Test Cases/Test Listener-1/TC_AppointmentConfirmation_001

27-01-2024T19:34:26 - [TEST_STEP][PASSED] - Start listener action : sampleBeforeTestCase: Object: 'Object Repository/TL_Appointment Confirmation_OR/Page_CURA Healthcare Service/button_Login' is clicked on

27-01-2024T19:34:26 - [TEST_STEP][PASSED] - setText(findTestObject("Object Repository/TL_Appointment Confirmation_OR/Page_CURA Healthcare Service/input_username"), "John Doe"): Text 'John Doe' is set on object 'Object Repository/TL_Appointment Confirmation_OR/Page_CURA Healthcare Service/input_username'

27-01-2024T19:35:26 - [MESSAGE][PASSED] - Text 'John Doe' is set on object 'Object Repository/TL_Appointment Confirmation_OR/Page_CURA Healthcare Service/input_username'

27-01-2024T19:35:26 - [TEST_STEP][PASSED] - setEncryptedText(findTestObject("Object Repository/TL_Appointment Confirmation_OR/Page_CURA Healthcare Service/input_password"), "g3/DOGG74jC3Flrr3yH+3D/yKbOqqUNM"): Text ****** has been set on object 'Object Repository/TL_Appointment Confirmation_OR/Page_CURA Healthcare Service/input_password'

27-01-2024T19:35:56 - [MESSAGE][PASSED] - Text ****** has been set on object 'Object Repository/TL_Appointment Confirmation_OR/Page_CURA Healthcare Service/input_password'

27-01-2024T19:35:56 - [TEST_STEP][PASSED] - click(findTestObject("Object Repository/TL_Appointment Confirmation_OR/Page_CURA Healthcare Service/button_Login")): Object: 'Object Repository/TL_Appointment Confirmation_OR/Page_CURA Healthcare Service/button_Login' is clicked on

27-01-2024T19:36:28 - [MESSAGE][PASSED] - Object: 'Object Repository/TL_Appointment Confirmation_OR/Page_CURA Healthcare Service/button_Login' is clicked on

27-01-2024T19:36:28 - [TEST_STEP][PASSED] - selectOptionByValue(findTestObject("Object Repository/TL_Appointment Confirmation_OR/Page_CURA Healthcare Service/select_Tokyo CURA Healthcare Center        _5b4107"), "Hongkong CURA Healthcare Center", true): All options with value 'Hongkong CURA Healthcare Center' are selected in object 'Object Repository/TL_Appointment Confirmation_OR/Page_CURA Healthcare Service/select_Tokyo CURA Healthcare Center        _5b4107'  using regular expression

27-01-2024T19:37:58 - [MESSAGE][PASSED] - All options with value 'Hongkong CURA Healthcare Center' are selected in object 'Object Repository/TL_Appointment Confirmation_OR/Page_CURA Healthcare Service/select_Tokyo CURA Healthcare Center        _5b4107'  using regular expression

27-01-2024T19:37:58 - [TEST_STEP][PASSED] - click(findTestObject("Object Repository/TL_Appointment Confirmation_OR/Page_CURA Healthcare Service/input_programs")): Object: 'Object Repository/TL_Appointment Confirmation_OR/Page_CURA Healthcare Service/input_programs' is clicked on

27-01-2024T19:38:28 - [MESSAGE][PASSED] - Object: 'Object Repository/TL_Appointment Confirmation_OR/Page_CURA Healthcare Service/input_programs' is clicked on

27-01-2024T19:38:28 - [TEST_STEP][PASSED] - click(findTestObject("Object Repository/TL_Appointment Confirmation_OR/Page_CURA Healthcare Service/input_visit_date")): Object: 'Object Repository/TL_Appointment Confirmation_OR/Page_CURA Healthcare Service/input_visit_date' is clicked on

27-01-2024T19:38:58 - [MESSAGE][PASSED] - Object: 'Object Repository/TL_Appointment Confirmation_OR/Page_CURA Healthcare Service/input_visit_date' is clicked on

27-01-2024T19:38:58 - [TEST_STEP][PASSED] - click(findTestObject("Object Repository/TL_Appointment Confirmation_OR/Page_CURA Healthcare Service/td_1")): Object: 'Object Repository/TL_Appointment Confirmation_OR/Page_CURA Healthcare Service/td_1' is clicked on

27-01-2024T19:39:29 - [MESSAGE][PASSED] - Object: 'Object Repository/TL_Appointment Confirmation_OR/Page_CURA Healthcare Service/td_1' is clicked on

27-01-2024T19:39:29 - [TEST_STEP][PASSED] - setText(findTestObject("Object Repository/TL_Appointment Confirmation_OR/Page_CURA Healthcare Service/textarea_comment"), "Test Listner"): Text 'Test Listner' is set on object 'Object Repository/TL_Appointment Confirmation_OR/Page_CURA Healthcare Service/textarea_comment'

27-01-2024T19:40:29 - [MESSAGE][PASSED] - Text 'Test Listner' is set on object 'Object Repository/TL_Appointment Confirmation_OR/Page_CURA Healthcare Service/textarea_comment'

27-01-2024T19:40:29 - [TEST_STEP][PASSED] - click(findTestObject("Object Repository/TL_Appointment Confirmation_OR/Page_CURA Healthcare Service/button_Book Appointment")): Object: 'Object Repository/TL_Appointment Confirmation_OR/Page_CURA Healthcare Service/button_Book Appointment' is clicked on

27-01-2024T19:41:00 - [MESSAGE][PASSED] - Object: 'Object Repository/TL_Appointment Confirmation_OR/Page_CURA Healthcare Service/button_Book Appointment' is clicked on

27-01-2024T19:41:00 - [TEST_STEP][PASSED] - click(findTestObject("Object Repository/TL_Appointment Confirmation_OR/Page_CURA Healthcare Service/i_fa fa-bars")): Object: 'Object Repository/TL_Appointment Confirmation_OR/Page_CURA Healthcare Service/i_fa fa-bars' is clicked on

27-01-2024T19:41:30 - [MESSAGE][PASSED] - Object: 'Object Repository/TL_Appointment Confirmation_OR/Page_CURA Healthcare Service/i_fa fa-bars' is clicked on

27-01-2024T19:41:30 - [TEST_STEP][PASSED] - click(findTestObject("Object Repository/TL_Appointment Confirmation_OR/Page_CURA Healthcare Service/a_Logout")): Object: 'Object Repository/TL_Appointment Confirmation_OR/Page_CURA Healthcare Service/a_Logout' is clicked on

27-01-2024T19:42:02 - [MESSAGE][PASSED] - Object: 'Object Repository/TL_Appointment Confirmation_OR/Page_CURA Healthcare Service/a_Logout' is clicked on

27-01-2024T19:42:02 - [TEST_STEP][FAILED] - Start listener action : sampleAfterTestCase: Unable to click on object 'Object Repository/TL_Appointment Confirmation_OR/Page_CURA Healthcare Service/a_Logout' (Root cause: com.kms.katalon.core.exception.StepFailedException: Unable to click on object 'Object Repository/TL_Appointment Confirmation_OR/Page_CURA Healthcare Service/a_Logout'
	at com.kms.katalon.core.webui.keyword.internal.WebUIKeywordMain.stepFailed(WebUIKeywordMain.groovy:64)
	at com.kms.katalon.core.webui.keyword.internal.WebUIKeywordMain.runKeyword(WebUIKeywordMain.groovy:26)
	at com.kms.katalon.core.webui.keyword.builtin.ClickKeyword.click(ClickKeyword.groovy:74)
	at com.kms.katalon.core.webui.keyword.builtin.ClickKeyword.execute(ClickKeyword.groovy:40)
	at com.kms.katalon.core.keyword.internal.KeywordExecutor.executeKeywordForPlatform(KeywordExecutor.groovy:74)
	at com.kms.katalon.core.webui.keyword.WebUiBuiltInKeywords.click(WebUiBuiltInKeywords.groovy:659)
	at CURA_TL_AppointmentConfirmation.sampleAfterTestCase(CURA_TL_AppointmentConfirmation.groovy:56)
	at java.base/jdk.internal.reflect.NativeMethodAccessorImpl.invoke0(Native Method)
	at java.base/jdk.internal.reflect.NativeMethodAccessorImpl.invoke(NativeMethodAccessorImpl.java:77)
	at java.base/jdk.internal.reflect.DelegatingMethodAccessorImpl.invoke(DelegatingMethodAccessorImpl.java:43)
	at com.kms.katalon.core.context.internal.TestHooker.invokeMethod(TestHooker.java:111)
	at com.kms.katalon.core.context.internal.TestHooker.lambda$3(TestHooker.java:95)
	at com.kms.katalon.core.context.internal.TestHooker.invokeContextMethods(TestHooker.java:94)
	at com.kms.katalon.core.context.internal.TestListenerCollector.lambda$3(TestListenerCollector.java:88)
	at com.kms.katalon.core.context.internal.TestListenerCollector.handleListenerEvent(TestListenerCollector.java:85)
	at com.kms.katalon.core.context.internal.ExecutionEventManager.publicEvent(ExecutionEventManager.java:36)
	at com.kms.katalon.core.main.TestCaseExecutor.execute(TestCaseExecutor.java:315)
	at com.kms.katalon.core.common.CommonExecutor.accessTestCaseMainPhase(CommonExecutor.java:65)
	at com.kms.katalon.core.main.TestSuiteExecutor.accessTestSuiteMainPhase(TestSuiteExecutor.java:148)
	at com.kms.katalon.core.main.TestSuiteExecutor.execute(TestSuiteExecutor.java:106)
	at com.kms.katalon.core.main.TestCaseMain.startTestSuite(TestCaseMain.java:180)
	at TempTestSuite1706364224541.run(TempTestSuite1706364224541.groovy:36)
	at java.base/jdk.internal.reflect.NativeMethodAccessorImpl.invoke0(Native Method)
	at java.base/jdk.internal.reflect.NativeMethodAccessorImpl.invoke(NativeMethodAccessorImpl.java:77)
	at java.base/jdk.internal.reflect.DelegatingMethodAccessorImpl.invoke(DelegatingMethodAccessorImpl.java:43)
Caused by: com.kms.katalon.core.webui.exception.WebElementNotFoundException: Web element with id: 'Object Repository/TL_Appointment Confirmation_OR/Page_CURA Healthcare Service/a_Logout' located by '(//a[@onclick="$('#menu-close').click();"])[5]' not found
	at com.kms.katalon.core.webui.common.WebUiCommonHelper.findWebElement(WebUiCommonHelper.java:1379)
	at com.kms.katalon.core.webui.keyword.internal.WebUIAbstractKeyword.findWebElement(WebUIAbstractKeyword.groovy:27)
	at com.kms.katalon.core.webui.keyword.builtin.ClickKeyword$_click_closure1.doCall(ClickKeyword.groovy:65)
	at com.kms.katalon.core.webui.keyword.builtin.ClickKeyword$_click_closure1.call(ClickKeyword.groovy)
	at com.kms.katalon.core.webui.keyword.internal.WebUIKeywordMain.runKeyword(WebUIKeywordMain.groovy:20)
	... 23 more
)

27-01-2024T19:42:02 - [TEST_STEP][PASSED] - click(findTestObject("Object Repository/TL_Appointment Confirmation_OR/Page_CURA Healthcare Service/i_fa fa-bars")): Object: 'Object Repository/TL_Appointment Confirmation_OR/Page_CURA Healthcare Service/i_fa fa-bars' is clicked on

27-01-2024T19:42:32 - [MESSAGE][PASSED] - Object: 'Object Repository/TL_Appointment Confirmation_OR/Page_CURA Healthcare Service/i_fa fa-bars' is clicked on

27-01-2024T19:42:32 - [TEST_STEP][FAILED] - click(findTestObject("Object Repository/TL_Appointment Confirmation_OR/Page_CURA Healthcare Service/a_Logout")): Unable to click on object 'Object Repository/TL_Appointment Confirmation_OR/Page_CURA Healthcare Service/a_Logout' (Root cause: com.kms.katalon.core.exception.StepFailedException: Unable to click on object 'Object Repository/TL_Appointment Confirmation_OR/Page_CURA Healthcare Service/a_Logout'
	at com.kms.katalon.core.webui.keyword.internal.WebUIKeywordMain.stepFailed(WebUIKeywordMain.groovy:64)
	at com.kms.katalon.core.webui.keyword.internal.WebUIKeywordMain.runKeyword(WebUIKeywordMain.groovy:26)
	at com.kms.katalon.core.webui.keyword.builtin.ClickKeyword.click(ClickKeyword.groovy:74)
	at com.kms.katalon.core.webui.keyword.builtin.ClickKeyword.execute(ClickKeyword.groovy:40)
	at com.kms.katalon.core.keyword.internal.KeywordExecutor.executeKeywordForPlatform(KeywordExecutor.groovy:74)
	at com.kms.katalon.core.webui.keyword.WebUiBuiltInKeywords.click(WebUiBuiltInKeywords.groovy:659)
	at CURA_TL_AppointmentConfirmation.sampleAfterTestCase(CURA_TL_AppointmentConfirmation.groovy:56)
	at java.base/jdk.internal.reflect.NativeMethodAccessorImpl.invoke0(Native Method)
	at java.base/jdk.internal.reflect.NativeMethodAccessorImpl.invoke(NativeMethodAccessorImpl.java:77)
	at java.base/jdk.internal.reflect.DelegatingMethodAccessorImpl.invoke(DelegatingMethodAccessorImpl.java:43)
	at com.kms.katalon.core.context.internal.TestHooker.invokeMethod(TestHooker.java:111)
	at com.kms.katalon.core.context.internal.TestHooker.lambda$3(TestHooker.java:95)
	at com.kms.katalon.core.context.internal.TestHooker.invokeContextMethods(TestHooker.java:94)
	at com.kms.katalon.core.context.internal.TestListenerCollector.lambda$3(TestListenerCollector.java:88)
	at com.kms.katalon.core.context.internal.TestListenerCollector.handleListenerEvent(TestListenerCollector.java:85)
	at com.kms.katalon.core.context.internal.ExecutionEventManager.publicEvent(ExecutionEventManager.java:36)
	at com.kms.katalon.core.main.TestCaseExecutor.execute(TestCaseExecutor.java:315)
	at com.kms.katalon.core.common.CommonExecutor.accessTestCaseMainPhase(CommonExecutor.java:65)
	at com.kms.katalon.core.main.TestSuiteExecutor.accessTestSuiteMainPhase(TestSuiteExecutor.java:148)
	at com.kms.katalon.core.main.TestSuiteExecutor.execute(TestSuiteExecutor.java:106)
	at com.kms.katalon.core.main.TestCaseMain.startTestSuite(TestCaseMain.java:180)
	at TempTestSuite1706364224541.run(TempTestSuite1706364224541.groovy:36)
	at java.base/jdk.internal.reflect.NativeMethodAccessorImpl.invoke0(Native Method)
	at java.base/jdk.internal.reflect.NativeMethodAccessorImpl.invoke(NativeMethodAccessorImpl.java:77)
	at java.base/jdk.internal.reflect.DelegatingMethodAccessorImpl.invoke(DelegatingMethodAccessorImpl.java:43)
Caused by: com.kms.katalon.core.webui.exception.WebElementNotFoundException: Web element with id: 'Object Repository/TL_Appointment Confirmation_OR/Page_CURA Healthcare Service/a_Logout' located by '(//a[@onclick="$('#menu-close').click();"])[5]' not found
	at com.kms.katalon.core.webui.common.WebUiCommonHelper.findWebElement(WebUiCommonHelper.java:1379)
	at com.kms.katalon.core.webui.keyword.internal.WebUIAbstractKeyword.findWebElement(WebUIAbstractKeyword.groovy:27)
	at com.kms.katalon.core.webui.keyword.builtin.ClickKeyword$_click_closure1.doCall(ClickKeyword.groovy:65)
	at com.kms.katalon.core.webui.keyword.builtin.ClickKeyword$_click_closure1.call(ClickKeyword.groovy)
	at com.kms.katalon.core.webui.keyword.internal.WebUIKeywordMain.runKeyword(WebUIKeywordMain.groovy:20)
	... 23 more
)

27-01-2024T19:43:32 - [MESSAGE][INFO] - Unable to find the element located by 'By.xpath: (//a[@onclick="$('#menu-close').click();"])[5]'. Please recheck the objects properties to make sure the desired element is located. 

27-01-2024T19:43:32 - [MESSAGE][WARNING] - [SELF-HEALING] Failed to find element with id 'Object Repository/TL_Appointment Confirmation_OR/Page_CURA Healthcare Service/a_Logout'. Try using Self-healing.

27-01-2024T19:44:02 - [MESSAGE][INFO] - [SELF-HEALING] Failed Locator: '(//a[@onclick="$('#menu-close').click();"])[5]'.

27-01-2024T19:44:32 - [MESSAGE][INFO] - [SELF-HEALING] Failed Locator: '//nav[@id='sidebar-wrapper']/ul/li[5]/a'.

27-01-2024T19:45:02 - [MESSAGE][INFO] - [SELF-HEALING] Failed Locator: '//a[contains(text(),'Logout')]'.

27-01-2024T19:45:33 - [MESSAGE][INFO] - [SELF-HEALING] Failed Locator: '//a[contains(@href, 'authenticate.php?logout')]'.

27-01-2024T19:46:03 - [MESSAGE][INFO] - [SELF-HEALING] Failed Locator: '//li[5]/a'.

27-01-2024T19:46:33 - [MESSAGE][INFO] - [SELF-HEALING] Failed Locator: '//a[@href = 'authenticate.php?logout' and (text() = 'Logout' or . = 'Logout')]'.

27-01-2024T19:47:03 - [MESSAGE][INFO] - Unable to find the element located by 'By.xpath: //*[@href = 'authenticate.php?logout' and (text() = 'Logout' or . = 'Logout')]'. Please recheck the objects properties to make sure the desired element is located. 

27-01-2024T19:47:33 - [MESSAGE][INFO] - Unable to find the element located by 'By.cssSelector: li:nth-of-type(5) > a'. Please recheck the objects properties to make sure the desired element is located. 

27-01-2024T19:47:33 - [MESSAGE][FAILED] - Unable to click on object 'Object Repository/TL_Appointment Confirmation_OR/Page_CURA Healthcare Service/a_Logout' (Root cause: com.kms.katalon.core.exception.StepFailedException: Unable to click on object 'Object Repository/TL_Appointment Confirmation_OR/Page_CURA Healthcare Service/a_Logout'
	at com.kms.katalon.core.webui.keyword.internal.WebUIKeywordMain.stepFailed(WebUIKeywordMain.groovy:64)
	at com.kms.katalon.core.webui.keyword.internal.WebUIKeywordMain.runKeyword(WebUIKeywordMain.groovy:26)
	at com.kms.katalon.core.webui.keyword.builtin.ClickKeyword.click(ClickKeyword.groovy:74)
	at com.kms.katalon.core.webui.keyword.builtin.ClickKeyword.execute(ClickKeyword.groovy:40)
	at com.kms.katalon.core.keyword.internal.KeywordExecutor.executeKeywordForPlatform(KeywordExecutor.groovy:74)
	at com.kms.katalon.core.webui.keyword.WebUiBuiltInKeywords.click(WebUiBuiltInKeywords.groovy:659)
	at CURA_TL_AppointmentConfirmation.sampleAfterTestCase(CURA_TL_AppointmentConfirmation.groovy:56)
	at java.base/jdk.internal.reflect.NativeMethodAccessorImpl.invoke0(Native Method)
	at java.base/jdk.internal.reflect.NativeMethodAccessorImpl.invoke(NativeMethodAccessorImpl.java:77)
	at java.base/jdk.internal.reflect.DelegatingMethodAccessorImpl.invoke(DelegatingMethodAccessorImpl.java:43)
	at com.kms.katalon.core.context.internal.TestHooker.invokeMethod(TestHooker.java:111)
	at com.kms.katalon.core.context.internal.TestHooker.lambda$3(TestHooker.java:95)
	at com.kms.katalon.core.context.internal.TestHooker.invokeContextMethods(TestHooker.java:94)
	at com.kms.katalon.core.context.internal.TestListenerCollector.lambda$3(TestListenerCollector.java:88)
	at com.kms.katalon.core.context.internal.TestListenerCollector.handleListenerEvent(TestListenerCollector.java:85)
	at com.kms.katalon.core.context.internal.ExecutionEventManager.publicEvent(ExecutionEventManager.java:36)
	at com.kms.katalon.core.main.TestCaseExecutor.execute(TestCaseExecutor.java:315)
	at com.kms.katalon.core.common.CommonExecutor.accessTestCaseMainPhase(CommonExecutor.java:65)
	at com.kms.katalon.core.main.TestSuiteExecutor.accessTestSuiteMainPhase(TestSuiteExecutor.java:148)
	at com.kms.katalon.core.main.TestSuiteExecutor.execute(TestSuiteExecutor.java:106)
	at com.kms.katalon.core.main.TestCaseMain.startTestSuite(TestCaseMain.java:180)
	at TempTestSuite1706364224541.run(TempTestSuite1706364224541.groovy:36)
	at java.base/jdk.internal.reflect.NativeMethodAccessorImpl.invoke0(Native Method)
	at java.base/jdk.internal.reflect.NativeMethodAccessorImpl.invoke(NativeMethodAccessorImpl.java:77)
	at java.base/jdk.internal.reflect.DelegatingMethodAccessorImpl.invoke(DelegatingMethodAccessorImpl.java:43)
Caused by: com.kms.katalon.core.webui.exception.WebElementNotFoundException: Web element with id: 'Object Repository/TL_Appointment Confirmation_OR/Page_CURA Healthcare Service/a_Logout' located by '(//a[@onclick="$('#menu-close').click();"])[5]' not found
	at com.kms.katalon.core.webui.common.WebUiCommonHelper.findWebElement(WebUiCommonHelper.java:1379)
	at com.kms.katalon.core.webui.keyword.internal.WebUIAbstractKeyword.findWebElement(WebUIAbstractKeyword.groovy:27)
	at com.kms.katalon.core.webui.keyword.builtin.ClickKeyword$_click_closure1.doCall(ClickKeyword.groovy:65)
	at com.kms.katalon.core.webui.keyword.builtin.ClickKeyword$_click_closure1.call(ClickKeyword.groovy)
	at com.kms.katalon.core.webui.keyword.internal.WebUIKeywordMain.runKeyword(WebUIKeywordMain.groovy:20)
	... 23 more
)
[[ATTACHMENT|C:\\Users\\sainadh\\git\\Katalongithub_Automation_testing_CHS_001\\Reports\\20240127_193344\\CURA TestSuite\\TL_CURA_TestSuite_001\\20240127_193344\\1706365053152.png]]]]></system-out>
         <system-err><![CDATA[]]></system-err>
      </testcase>
      <system-out><![CDATA[27-01-2024T19:33:48 - [TEST_SUITE][PASSED] - TL_CURA_TestSuite_001: Test Cases/Test Listener-1/TC_AppointmentConfirmation_001]]></system-out>
      <system-err><![CDATA[]]></system-err>
   </testsuite>
</testsuites>
